<?xml version="1.0" encoding="UTF-8"?>
<!-- Generated by org.testng.reporters.JUnitReportReporter -->
<testsuite hostname="DESKTOP-80HLJ8Q" failures="0" tests="4" name="org.practise.Practise" time="0.013" errors="0" timestamp="2022-07-19T09:57:10 IST" skipped="0">
  <testcase classname="org.practise.Practise" name="test1" time="0.009"/>
  <system-out/>
  <testcase classname="org.practise.Practise" name="test2" time="0.002"/>
  <system-out/>
  <testcase classname="org.practise.Practise" name="test4" time="0.001"/>
  <system-out/>
  <testcase classname="org.practise.Practise" name="test3" time="0.001"/>
  <system-out/>
</testsuite> <!-- org.practise.Practise -->
