<?xml version="1.0" encoding="UTF-8"?>
<!-- Generated by org.testng.reporters.JUnitReportReporter -->
<testsuite hostname="DESKTOP-80HLJ8Q" failures="0" tests="4" name="org.practise.Pactise1" time="0.015" errors="0" timestamp="2022-07-18T14:59:52 IST" skipped="0">
  <testcase classname="org.practise.Pactise1" name="test6" time="0.001"/>
  <system-out/>
  <testcase classname="org.practise.Pactise1" name="test7" time="0.002"/>
  <system-out/>
  <testcase classname="org.practise.Pactise1" name="test8" time="0.002"/>
  <system-out/>
  <testcase classname="org.practise.Pactise1" name="test5" time="0.010"/>
  <system-out/>
</testsuite> <!-- org.practise.Pactise1 -->
